13-Feb-2019 20:36:50.500 INFORMACIÓN [main] org.apache.catalina.startup.VersionLoggerListener.log Server version name:   Apache Tomcat/9.0.16
13-Feb-2019 20:36:50.567 INFORMACIÓN [main] org.apache.catalina.startup.VersionLoggerListener.log Server built:          Feb 4 2019 16:30:29 UTC
13-Feb-2019 20:36:50.567 INFORMACIÓN [main] org.apache.catalina.startup.VersionLoggerListener.log Número de versión de servidor:         9.0.16.0
13-Feb-2019 20:36:50.567 INFORMACIÓN [main] org.apache.catalina.startup.VersionLoggerListener.log OS Name:               Windows 10
13-Feb-2019 20:36:50.568 INFORMACIÓN [main] org.apache.catalina.startup.VersionLoggerListener.log OS Version:            10.0
13-Feb-2019 20:36:50.568 INFORMACIÓN [main] org.apache.catalina.startup.VersionLoggerListener.log Architecture:          amd64
13-Feb-2019 20:36:50.568 INFORMACIÓN [main] org.apache.catalina.startup.VersionLoggerListener.log Java Home:             C:\Program Files\Java\jdk1.8.0_111\jre
13-Feb-2019 20:36:50.568 INFORMACIÓN [main] org.apache.catalina.startup.VersionLoggerListener.log JVM Version:           1.8.0_111-b14
13-Feb-2019 20:36:50.568 INFORMACIÓN [main] org.apache.catalina.startup.VersionLoggerListener.log JVM Vendor:            Oracle Corporation
13-Feb-2019 20:36:50.568 INFORMACIÓN [main] org.apache.catalina.startup.VersionLoggerListener.log CATALINA_BASE:         C:\Program Files\Apache Software Foundation\Tomcat 9.0
13-Feb-2019 20:36:50.569 INFORMACIÓN [main] org.apache.catalina.startup.VersionLoggerListener.log CATALINA_HOME:         C:\Program Files\Apache Software Foundation\Tomcat 9.0
13-Feb-2019 20:36:50.569 INFORMACIÓN [main] org.apache.catalina.startup.VersionLoggerListener.log Command line argument: -Dcatalina.home=C:\Program Files\Apache Software Foundation\Tomcat 9.0
13-Feb-2019 20:36:50.570 INFORMACIÓN [main] org.apache.catalina.startup.VersionLoggerListener.log Command line argument: -Dcatalina.base=C:\Program Files\Apache Software Foundation\Tomcat 9.0
13-Feb-2019 20:36:50.570 INFORMACIÓN [main] org.apache.catalina.startup.VersionLoggerListener.log Command line argument: -Djava.io.tmpdir=C:\Program Files\Apache Software Foundation\Tomcat 9.0\temp
13-Feb-2019 20:36:50.570 INFORMACIÓN [main] org.apache.catalina.startup.VersionLoggerListener.log Command line argument: -Djava.util.logging.manager=org.apache.juli.ClassLoaderLogManager
13-Feb-2019 20:36:50.570 INFORMACIÓN [main] org.apache.catalina.startup.VersionLoggerListener.log Command line argument: -Djava.util.logging.config.file=C:\Program Files\Apache Software Foundation\Tomcat 9.0\conf\logging.properties
13-Feb-2019 20:36:50.570 INFORMACIÓN [main] org.apache.catalina.startup.VersionLoggerListener.log Command line argument: exit
13-Feb-2019 20:36:50.570 INFORMACIÓN [main] org.apache.catalina.startup.VersionLoggerListener.log Command line argument: abort
13-Feb-2019 20:36:50.571 INFORMACIÓN [main] org.apache.catalina.startup.VersionLoggerListener.log Command line argument: -Xms128m
13-Feb-2019 20:36:50.571 INFORMACIÓN [main] org.apache.catalina.startup.VersionLoggerListener.log Command line argument: -Xmx256m
13-Feb-2019 20:36:50.571 INFORMACIÓN [main] org.apache.catalina.core.AprLifecycleListener.lifecycleEvent Cargada la biblioteca nativa APR de Apache Tomcat [1.2.21] con la versión APR [1.6.5].
13-Feb-2019 20:36:50.571 INFORMACIÓN [main] org.apache.catalina.core.AprLifecycleListener.lifecycleEvent Capacidades APR: IPv6 [true], enviar fichero [true], aceptar filtros [false], aleatorio [true].
13-Feb-2019 20:36:50.571 INFORMACIÓN [main] org.apache.catalina.core.AprLifecycleListener.lifecycleEvent APR/OpenSSL configuration: useAprConnector [false], useOpenSSL [true]
13-Feb-2019 20:36:50.577 INFORMACIÓN [main] org.apache.catalina.core.AprLifecycleListener.initializeSSL OpenSSL inicializado correctamente [OpenSSL 1.1.1a  20 Nov 2018]
13-Feb-2019 20:36:51.889 INFORMACIÓN [main] org.apache.coyote.AbstractProtocol.init Inicializando el manejador de protocolo ["http-nio-8080"]

13-Feb-2019 20:36:52.129 INFORMACIÓN [main] org.apache.coyote.AbstractProtocol.init Inicializando el manejador de protocolo ["ajp-nio-8009"]

13-Feb-2019 20:36:52.136 INFORMACIÓN [main] org.apache.catalina.startup.Catalina.load Server initialization in [2.354] milliseconds
13-Feb-2019 20:36:52.190 INFORMACIÓN [main] org.apache.catalina.core.StandardService.startInternal Arrancando servicio [Catalina]
13-Feb-2019 20:36:52.191 INFORMACIÓN [main] org.apache.catalina.core.StandardEngine.startInternal Starting Servlet engine: [Apache Tomcat/9.0.16]
13-Feb-2019 20:36:52.214 INFORMACIÓN [main] org.apache.catalina.startup.HostConfig.deployDirectory Desplegando el directorio [C:\Program Files\Apache Software Foundation\Tomcat 9.0\webapps\docs] de la aplicación web
13-Feb-2019 20:36:52.737 INFORMACIÓN [main] org.apache.catalina.startup.HostConfig.deployDirectory Deployment of web application directory [C:\Program Files\Apache Software Foundation\Tomcat 9.0\webapps\docs] has finished in [523] ms
13-Feb-2019 20:36:52.738 INFORMACIÓN [main] org.apache.catalina.startup.HostConfig.deployDirectory Desplegando el directorio [C:\Program Files\Apache Software Foundation\Tomcat 9.0\webapps\examples] de la aplicación web
13-Feb-2019 20:36:53.502 INFORMACIÓN [main] org.apache.catalina.startup.HostConfig.deployDirectory Deployment of web application directory [C:\Program Files\Apache Software Foundation\Tomcat 9.0\webapps\examples] has finished in [763] ms
13-Feb-2019 20:36:53.503 INFORMACIÓN [main] org.apache.catalina.startup.HostConfig.deployDirectory Desplegando el directorio [C:\Program Files\Apache Software Foundation\Tomcat 9.0\webapps\host-manager] de la aplicación web
13-Feb-2019 20:36:53.606 INFORMACIÓN [main] org.apache.catalina.startup.HostConfig.deployDirectory Deployment of web application directory [C:\Program Files\Apache Software Foundation\Tomcat 9.0\webapps\host-manager] has finished in [103] ms
13-Feb-2019 20:36:53.606 INFORMACIÓN [main] org.apache.catalina.startup.HostConfig.deployDirectory Desplegando el directorio [C:\Program Files\Apache Software Foundation\Tomcat 9.0\webapps\manager] de la aplicación web
13-Feb-2019 20:36:53.670 INFORMACIÓN [main] org.apache.catalina.startup.HostConfig.deployDirectory Deployment of web application directory [C:\Program Files\Apache Software Foundation\Tomcat 9.0\webapps\manager] has finished in [64] ms
13-Feb-2019 20:36:53.671 INFORMACIÓN [main] org.apache.catalina.startup.HostConfig.deployDirectory Desplegando el directorio [C:\Program Files\Apache Software Foundation\Tomcat 9.0\webapps\ROOT] de la aplicación web
13-Feb-2019 20:36:53.724 INFORMACIÓN [main] org.apache.catalina.startup.HostConfig.deployDirectory Deployment of web application directory [C:\Program Files\Apache Software Foundation\Tomcat 9.0\webapps\ROOT] has finished in [52] ms
13-Feb-2019 20:36:53.742 INFORMACIÓN [main] org.apache.coyote.AbstractProtocol.start Starting ProtocolHandler ["http-nio-8080"]
13-Feb-2019 20:36:53.772 INFORMACIÓN [main] org.apache.coyote.AbstractProtocol.start Starting ProtocolHandler ["ajp-nio-8009"]
13-Feb-2019 20:36:53.788 INFORMACIÓN [main] org.apache.catalina.startup.Catalina.start Server startup in [1.652] milliseconds
13-Feb-2019 20:38:23.954 INFORMACIÓN [Catalina-utility-2] org.apache.catalina.startup.HostConfig.deployDirectory Desplegando el directorio [C:\Program Files\Apache Software Foundation\Tomcat 9.0\webapps\Nueva carpeta] de la aplicación web
13-Feb-2019 20:38:24.012 INFORMACIÓN [Catalina-utility-2] org.apache.catalina.startup.HostConfig.deployDirectory Deployment of web application directory [C:\Program Files\Apache Software Foundation\Tomcat 9.0\webapps\Nueva carpeta] has finished in [58] ms
13-Feb-2019 20:38:34.524 INFORMACIÓN [Catalina-utility-2] org.apache.catalina.startup.HostConfig.undeploy Repliegue (undeploy) de la aplicación web que tiene como trayectoria de contexto [/Nueva carpeta]
13-Feb-2019 20:38:34.691 INFORMACIÓN [Catalina-utility-2] org.apache.catalina.startup.HostConfig.deployDirectory Desplegando el directorio [C:\Program Files\Apache Software Foundation\Tomcat 9.0\webapps\app1] de la aplicación web
13-Feb-2019 20:38:34.913 INFORMACIÓN [Catalina-utility-2] org.apache.catalina.startup.HostConfig.deployDirectory Deployment of web application directory [C:\Program Files\Apache Software Foundation\Tomcat 9.0\webapps\app1] has finished in [222] ms
13-Feb-2019 21:05:38.001 INFORMACIÓN [Thread-6] org.apache.coyote.AbstractProtocol.pause Pausing ProtocolHandler ["http-nio-8080"]
13-Feb-2019 21:05:38.156 INFORMACIÓN [Thread-6] org.apache.coyote.AbstractProtocol.pause Pausing ProtocolHandler ["ajp-nio-8009"]
13-Feb-2019 21:05:38.270 INFORMACIÓN [Thread-6] org.apache.catalina.core.StandardService.stopInternal Parando servicio [Catalina]
13-Feb-2019 21:05:38.317 INFORMACIÓN [Thread-6] org.apache.coyote.AbstractProtocol.stop Stopping ProtocolHandler ["http-nio-8080"]
13-Feb-2019 21:05:38.333 INFORMACIÓN [Thread-6] org.apache.coyote.AbstractProtocol.stop Stopping ProtocolHandler ["ajp-nio-8009"]
13-Feb-2019 21:05:38.333 INFORMACIÓN [Thread-6] org.apache.coyote.AbstractProtocol.destroy Destroying ProtocolHandler ["http-nio-8080"]
13-Feb-2019 21:05:38.333 INFORMACIÓN [Thread-6] org.apache.coyote.AbstractProtocol.destroy Destroying ProtocolHandler ["ajp-nio-8009"]
13-Feb-2019 21:19:59.052 INFORMACIÓN [main] org.apache.catalina.startup.VersionLoggerListener.log Server version name:   Apache Tomcat/9.0.16
13-Feb-2019 21:19:59.117 INFORMACIÓN [main] org.apache.catalina.startup.VersionLoggerListener.log Server built:          Feb 4 2019 16:30:29 UTC
13-Feb-2019 21:19:59.118 INFORMACIÓN [main] org.apache.catalina.startup.VersionLoggerListener.log Número de versión de servidor:         9.0.16.0
13-Feb-2019 21:19:59.118 INFORMACIÓN [main] org.apache.catalina.startup.VersionLoggerListener.log OS Name:               Windows 10
13-Feb-2019 21:19:59.118 INFORMACIÓN [main] org.apache.catalina.startup.VersionLoggerListener.log OS Version:            10.0
13-Feb-2019 21:19:59.119 INFORMACIÓN [main] org.apache.catalina.startup.VersionLoggerListener.log Architecture:          amd64
13-Feb-2019 21:19:59.119 INFORMACIÓN [main] org.apache.catalina.startup.VersionLoggerListener.log Java Home:             C:\Program Files\Java\jdk1.8.0_111\jre
13-Feb-2019 21:19:59.119 INFORMACIÓN [main] org.apache.catalina.startup.VersionLoggerListener.log JVM Version:           1.8.0_111-b14
13-Feb-2019 21:19:59.119 INFORMACIÓN [main] org.apache.catalina.startup.VersionLoggerListener.log JVM Vendor:            Oracle Corporation
13-Feb-2019 21:19:59.119 INFORMACIÓN [main] org.apache.catalina.startup.VersionLoggerListener.log CATALINA_BASE:         C:\Program Files\Apache Software Foundation\Tomcat 9.0
13-Feb-2019 21:19:59.119 INFORMACIÓN [main] org.apache.catalina.startup.VersionLoggerListener.log CATALINA_HOME:         C:\Program Files\Apache Software Foundation\Tomcat 9.0
13-Feb-2019 21:19:59.120 INFORMACIÓN [main] org.apache.catalina.startup.VersionLoggerListener.log Command line argument: -Dcatalina.home=C:\Program Files\Apache Software Foundation\Tomcat 9.0
13-Feb-2019 21:19:59.120 INFORMACIÓN [main] org.apache.catalina.startup.VersionLoggerListener.log Command line argument: -Dcatalina.base=C:\Program Files\Apache Software Foundation\Tomcat 9.0
13-Feb-2019 21:19:59.120 INFORMACIÓN [main] org.apache.catalina.startup.VersionLoggerListener.log Command line argument: -Djava.io.tmpdir=C:\Program Files\Apache Software Foundation\Tomcat 9.0\temp
13-Feb-2019 21:19:59.120 INFORMACIÓN [main] org.apache.catalina.startup.VersionLoggerListener.log Command line argument: -Djava.util.logging.manager=org.apache.juli.ClassLoaderLogManager
13-Feb-2019 21:19:59.120 INFORMACIÓN [main] org.apache.catalina.startup.VersionLoggerListener.log Command line argument: -Djava.util.logging.config.file=C:\Program Files\Apache Software Foundation\Tomcat 9.0\conf\logging.properties
13-Feb-2019 21:19:59.121 INFORMACIÓN [main] org.apache.catalina.startup.VersionLoggerListener.log Command line argument: exit
13-Feb-2019 21:19:59.121 INFORMACIÓN [main] org.apache.catalina.startup.VersionLoggerListener.log Command line argument: abort
13-Feb-2019 21:19:59.121 INFORMACIÓN [main] org.apache.catalina.startup.VersionLoggerListener.log Command line argument: -Xms128m
13-Feb-2019 21:19:59.121 INFORMACIÓN [main] org.apache.catalina.startup.VersionLoggerListener.log Command line argument: -Xmx256m
13-Feb-2019 21:19:59.122 INFORMACIÓN [main] org.apache.catalina.core.AprLifecycleListener.lifecycleEvent Cargada la biblioteca nativa APR de Apache Tomcat [1.2.21] con la versión APR [1.6.5].
13-Feb-2019 21:19:59.122 INFORMACIÓN [main] org.apache.catalina.core.AprLifecycleListener.lifecycleEvent Capacidades APR: IPv6 [true], enviar fichero [true], aceptar filtros [false], aleatorio [true].
13-Feb-2019 21:19:59.122 INFORMACIÓN [main] org.apache.catalina.core.AprLifecycleListener.lifecycleEvent APR/OpenSSL configuration: useAprConnector [false], useOpenSSL [true]
13-Feb-2019 21:19:59.130 INFORMACIÓN [main] org.apache.catalina.core.AprLifecycleListener.initializeSSL OpenSSL inicializado correctamente [OpenSSL 1.1.1a  20 Nov 2018]
13-Feb-2019 21:20:00.224 INFORMACIÓN [main] org.apache.coyote.AbstractProtocol.init Inicializando el manejador de protocolo ["http-nio-8080"]

13-Feb-2019 21:20:00.424 INFORMACIÓN [main] org.apache.coyote.AbstractProtocol.init Inicializando el manejador de protocolo ["ajp-nio-8009"]

13-Feb-2019 21:20:00.429 INFORMACIÓN [main] org.apache.catalina.startup.Catalina.load Server initialization in [2.307] milliseconds
13-Feb-2019 21:20:00.494 INFORMACIÓN [main] org.apache.catalina.core.StandardService.startInternal Arrancando servicio [Catalina]
13-Feb-2019 21:20:00.494 INFORMACIÓN [main] org.apache.catalina.core.StandardEngine.startInternal Starting Servlet engine: [Apache Tomcat/9.0.16]
13-Feb-2019 21:20:00.526 INFORMACIÓN [main] org.apache.catalina.startup.HostConfig.deployDirectory Desplegando el directorio [C:\Program Files\Apache Software Foundation\Tomcat 9.0\webapps\app1] de la aplicación web
13-Feb-2019 21:20:01.276 INFORMACIÓN [main] org.apache.catalina.startup.HostConfig.deployDirectory Deployment of web application directory [C:\Program Files\Apache Software Foundation\Tomcat 9.0\webapps\app1] has finished in [750] ms
13-Feb-2019 21:20:01.277 INFORMACIÓN [main] org.apache.catalina.startup.HostConfig.deployDirectory Desplegando el directorio [C:\Program Files\Apache Software Foundation\Tomcat 9.0\webapps\docs] de la aplicación web
13-Feb-2019 21:20:01.349 INFORMACIÓN [main] org.apache.catalina.startup.HostConfig.deployDirectory Deployment of web application directory [C:\Program Files\Apache Software Foundation\Tomcat 9.0\webapps\docs] has finished in [71] ms
13-Feb-2019 21:20:01.349 INFORMACIÓN [main] org.apache.catalina.startup.HostConfig.deployDirectory Desplegando el directorio [C:\Program Files\Apache Software Foundation\Tomcat 9.0\webapps\examples] de la aplicación web
13-Feb-2019 21:20:03.188 INFORMACIÓN [main] org.apache.catalina.startup.HostConfig.deployDirectory Deployment of web application directory [C:\Program Files\Apache Software Foundation\Tomcat 9.0\webapps\examples] has finished in [1.839] ms
13-Feb-2019 21:20:03.189 INFORMACIÓN [main] org.apache.catalina.startup.HostConfig.deployDirectory Desplegando el directorio [C:\Program Files\Apache Software Foundation\Tomcat 9.0\webapps\host-manager] de la aplicación web
13-Feb-2019 21:20:03.313 INFORMACIÓN [main] org.apache.catalina.startup.HostConfig.deployDirectory Deployment of web application directory [C:\Program Files\Apache Software Foundation\Tomcat 9.0\webapps\host-manager] has finished in [124] ms
13-Feb-2019 21:20:03.314 INFORMACIÓN [main] org.apache.catalina.startup.HostConfig.deployDirectory Desplegando el directorio [C:\Program Files\Apache Software Foundation\Tomcat 9.0\webapps\manager] de la aplicación web
13-Feb-2019 21:20:03.399 INFORMACIÓN [main] org.apache.catalina.startup.HostConfig.deployDirectory Deployment of web application directory [C:\Program Files\Apache Software Foundation\Tomcat 9.0\webapps\manager] has finished in [85] ms
13-Feb-2019 21:20:03.399 INFORMACIÓN [main] org.apache.catalina.startup.HostConfig.deployDirectory Desplegando el directorio [C:\Program Files\Apache Software Foundation\Tomcat 9.0\webapps\ROOT] de la aplicación web
13-Feb-2019 21:20:03.434 INFORMACIÓN [main] org.apache.catalina.startup.HostConfig.deployDirectory Deployment of web application directory [C:\Program Files\Apache Software Foundation\Tomcat 9.0\webapps\ROOT] has finished in [35] ms
13-Feb-2019 21:20:03.438 INFORMACIÓN [main] org.apache.coyote.AbstractProtocol.start Starting ProtocolHandler ["http-nio-8080"]
13-Feb-2019 21:20:03.452 INFORMACIÓN [main] org.apache.coyote.AbstractProtocol.start Starting ProtocolHandler ["ajp-nio-8009"]
13-Feb-2019 21:20:03.455 INFORMACIÓN [main] org.apache.catalina.startup.Catalina.start Server startup in [3.026] milliseconds
13-Feb-2019 21:20:44.450 INFORMACIÓN [Thread-6] org.apache.coyote.AbstractProtocol.pause Pausing ProtocolHandler ["http-nio-8080"]
13-Feb-2019 21:20:44.725 INFORMACIÓN [Thread-6] org.apache.coyote.AbstractProtocol.pause Pausing ProtocolHandler ["ajp-nio-8009"]
13-Feb-2019 21:20:44.862 INFORMACIÓN [Thread-6] org.apache.catalina.core.StandardService.stopInternal Parando servicio [Catalina]
13-Feb-2019 21:20:45.080 INFORMACIÓN [Thread-6] org.apache.coyote.AbstractProtocol.stop Stopping ProtocolHandler ["http-nio-8080"]
13-Feb-2019 21:20:45.084 INFORMACIÓN [Thread-6] org.apache.coyote.AbstractProtocol.stop Stopping ProtocolHandler ["ajp-nio-8009"]
13-Feb-2019 21:20:45.090 INFORMACIÓN [Thread-6] org.apache.coyote.AbstractProtocol.destroy Destroying ProtocolHandler ["http-nio-8080"]
13-Feb-2019 21:20:45.092 INFORMACIÓN [Thread-6] org.apache.coyote.AbstractProtocol.destroy Destroying ProtocolHandler ["ajp-nio-8009"]
13-Feb-2019 21:24:32.305 INFORMACIÓN [main] org.apache.catalina.startup.VersionLoggerListener.log Server version name:   Apache Tomcat/9.0.16
13-Feb-2019 21:24:32.481 INFORMACIÓN [main] org.apache.catalina.startup.VersionLoggerListener.log Server built:          Feb 4 2019 16:30:29 UTC
13-Feb-2019 21:24:32.482 INFORMACIÓN [main] org.apache.catalina.startup.VersionLoggerListener.log Número de versión de servidor:         9.0.16.0
13-Feb-2019 21:24:32.482 INFORMACIÓN [main] org.apache.catalina.startup.VersionLoggerListener.log OS Name:               Windows 10
13-Feb-2019 21:24:32.483 INFORMACIÓN [main] org.apache.catalina.startup.VersionLoggerListener.log OS Version:            10.0
13-Feb-2019 21:24:32.483 INFORMACIÓN [main] org.apache.catalina.startup.VersionLoggerListener.log Architecture:          amd64
13-Feb-2019 21:24:32.483 INFORMACIÓN [main] org.apache.catalina.startup.VersionLoggerListener.log Java Home:             C:\Program Files\Java\jdk1.8.0_111\jre
13-Feb-2019 21:24:32.483 INFORMACIÓN [main] org.apache.catalina.startup.VersionLoggerListener.log JVM Version:           1.8.0_111-b14
13-Feb-2019 21:24:32.484 INFORMACIÓN [main] org.apache.catalina.startup.VersionLoggerListener.log JVM Vendor:            Oracle Corporation
13-Feb-2019 21:24:32.484 INFORMACIÓN [main] org.apache.catalina.startup.VersionLoggerListener.log CATALINA_BASE:         C:\Program Files\Apache Software Foundation\Tomcat 9.0
13-Feb-2019 21:24:32.484 INFORMACIÓN [main] org.apache.catalina.startup.VersionLoggerListener.log CATALINA_HOME:         C:\Program Files\Apache Software Foundation\Tomcat 9.0
13-Feb-2019 21:24:32.484 INFORMACIÓN [main] org.apache.catalina.startup.VersionLoggerListener.log Command line argument: -Dcatalina.home=C:\Program Files\Apache Software Foundation\Tomcat 9.0
13-Feb-2019 21:24:32.485 INFORMACIÓN [main] org.apache.catalina.startup.VersionLoggerListener.log Command line argument: -Dcatalina.base=C:\Program Files\Apache Software Foundation\Tomcat 9.0
13-Feb-2019 21:24:32.485 INFORMACIÓN [main] org.apache.catalina.startup.VersionLoggerListener.log Command line argument: -Djava.io.tmpdir=C:\Program Files\Apache Software Foundation\Tomcat 9.0\temp
13-Feb-2019 21:24:32.485 INFORMACIÓN [main] org.apache.catalina.startup.VersionLoggerListener.log Command line argument: -Djava.util.logging.manager=org.apache.juli.ClassLoaderLogManager
13-Feb-2019 21:24:32.486 INFORMACIÓN [main] org.apache.catalina.startup.VersionLoggerListener.log Command line argument: -Djava.util.logging.config.file=C:\Program Files\Apache Software Foundation\Tomcat 9.0\conf\logging.properties
13-Feb-2019 21:24:32.486 INFORMACIÓN [main] org.apache.catalina.startup.VersionLoggerListener.log Command line argument: exit
13-Feb-2019 21:24:32.486 INFORMACIÓN [main] org.apache.catalina.startup.VersionLoggerListener.log Command line argument: abort
13-Feb-2019 21:24:32.486 INFORMACIÓN [main] org.apache.catalina.startup.VersionLoggerListener.log Command line argument: -Xms128m
13-Feb-2019 21:24:32.487 INFORMACIÓN [main] org.apache.catalina.startup.VersionLoggerListener.log Command line argument: -Xmx256m
13-Feb-2019 21:24:32.487 INFORMACIÓN [main] org.apache.catalina.core.AprLifecycleListener.lifecycleEvent Cargada la biblioteca nativa APR de Apache Tomcat [1.2.21] con la versión APR [1.6.5].
13-Feb-2019 21:24:32.487 INFORMACIÓN [main] org.apache.catalina.core.AprLifecycleListener.lifecycleEvent Capacidades APR: IPv6 [true], enviar fichero [true], aceptar filtros [false], aleatorio [true].
13-Feb-2019 21:24:32.488 INFORMACIÓN [main] org.apache.catalina.core.AprLifecycleListener.lifecycleEvent APR/OpenSSL configuration: useAprConnector [false], useOpenSSL [true]
13-Feb-2019 21:24:32.497 INFORMACIÓN [main] org.apache.catalina.core.AprLifecycleListener.initializeSSL OpenSSL inicializado correctamente [OpenSSL 1.1.1a  20 Nov 2018]
13-Feb-2019 21:24:37.063 INFORMACIÓN [main] org.apache.coyote.AbstractProtocol.init Inicializando el manejador de protocolo ["http-nio-8080"]

13-Feb-2019 21:24:37.366 INFORMACIÓN [main] org.apache.coyote.AbstractProtocol.init Inicializando el manejador de protocolo ["ajp-nio-8009"]

13-Feb-2019 21:24:37.372 INFORMACIÓN [main] org.apache.catalina.startup.Catalina.load Server initialization in [6.104] milliseconds
13-Feb-2019 21:24:37.448 INFORMACIÓN [main] org.apache.catalina.core.StandardService.startInternal Arrancando servicio [Catalina]
13-Feb-2019 21:24:37.448 INFORMACIÓN [main] org.apache.catalina.core.StandardEngine.startInternal Starting Servlet engine: [Apache Tomcat/9.0.16]
13-Feb-2019 21:24:37.496 INFORMACIÓN [main] org.apache.catalina.startup.HostConfig.deployDirectory Desplegando el directorio [C:\Program Files\Apache Software Foundation\Tomcat 9.0\webapps\app1] de la aplicación web
13-Feb-2019 21:24:40.027 INFORMACIÓN [main] org.apache.catalina.startup.HostConfig.deployDirectory Deployment of web application directory [C:\Program Files\Apache Software Foundation\Tomcat 9.0\webapps\app1] has finished in [2.531] ms
13-Feb-2019 21:24:40.028 INFORMACIÓN [main] org.apache.catalina.startup.HostConfig.deployDirectory Desplegando el directorio [C:\Program Files\Apache Software Foundation\Tomcat 9.0\webapps\docs] de la aplicación web
13-Feb-2019 21:24:40.085 INFORMACIÓN [main] org.apache.catalina.startup.HostConfig.deployDirectory Deployment of web application directory [C:\Program Files\Apache Software Foundation\Tomcat 9.0\webapps\docs] has finished in [57] ms
13-Feb-2019 21:24:40.086 INFORMACIÓN [main] org.apache.catalina.startup.HostConfig.deployDirectory Desplegando el directorio [C:\Program Files\Apache Software Foundation\Tomcat 9.0\webapps\examples] de la aplicación web
13-Feb-2019 21:24:42.455 INFORMACIÓN [main] org.apache.catalina.startup.HostConfig.deployDirectory Deployment of web application directory [C:\Program Files\Apache Software Foundation\Tomcat 9.0\webapps\examples] has finished in [2.369] ms
13-Feb-2019 21:24:42.456 INFORMACIÓN [main] org.apache.catalina.startup.HostConfig.deployDirectory Desplegando el directorio [C:\Program Files\Apache Software Foundation\Tomcat 9.0\webapps\host-manager] de la aplicación web
13-Feb-2019 21:24:42.581 INFORMACIÓN [main] org.apache.catalina.startup.HostConfig.deployDirectory Deployment of web application directory [C:\Program Files\Apache Software Foundation\Tomcat 9.0\webapps\host-manager] has finished in [124] ms
13-Feb-2019 21:24:42.581 INFORMACIÓN [main] org.apache.catalina.startup.HostConfig.deployDirectory Desplegando el directorio [C:\Program Files\Apache Software Foundation\Tomcat 9.0\webapps\manager] de la aplicación web
13-Feb-2019 21:24:42.649 INFORMACIÓN [main] org.apache.catalina.startup.HostConfig.deployDirectory Deployment of web application directory [C:\Program Files\Apache Software Foundation\Tomcat 9.0\webapps\manager] has finished in [68] ms
13-Feb-2019 21:24:42.650 INFORMACIÓN [main] org.apache.catalina.startup.HostConfig.deployDirectory Desplegando el directorio [C:\Program Files\Apache Software Foundation\Tomcat 9.0\webapps\ROOT] de la aplicación web
13-Feb-2019 21:24:42.702 INFORMACIÓN [main] org.apache.catalina.startup.HostConfig.deployDirectory Deployment of web application directory [C:\Program Files\Apache Software Foundation\Tomcat 9.0\webapps\ROOT] has finished in [52] ms
13-Feb-2019 21:24:42.708 INFORMACIÓN [main] org.apache.coyote.AbstractProtocol.start Starting ProtocolHandler ["http-nio-8080"]
13-Feb-2019 21:24:42.723 INFORMACIÓN [main] org.apache.coyote.AbstractProtocol.start Starting ProtocolHandler ["ajp-nio-8009"]
13-Feb-2019 21:24:42.728 INFORMACIÓN [main] org.apache.catalina.startup.Catalina.start Server startup in [5.355] milliseconds
13-Feb-2019 21:28:49.507 INFORMACIÓN [Thread-6] org.apache.coyote.AbstractProtocol.pause Pausing ProtocolHandler ["http-nio-8080"]
13-Feb-2019 21:28:49.651 INFORMACIÓN [Thread-6] org.apache.coyote.AbstractProtocol.pause Pausing ProtocolHandler ["ajp-nio-8009"]
13-Feb-2019 21:28:49.777 INFORMACIÓN [Thread-6] org.apache.catalina.core.StandardService.stopInternal Parando servicio [Catalina]
13-Feb-2019 21:28:49.837 INFORMACIÓN [Thread-6] org.apache.coyote.AbstractProtocol.stop Stopping ProtocolHandler ["http-nio-8080"]
13-Feb-2019 21:28:49.842 INFORMACIÓN [Thread-6] org.apache.coyote.AbstractProtocol.stop Stopping ProtocolHandler ["ajp-nio-8009"]
13-Feb-2019 21:28:49.845 INFORMACIÓN [Thread-6] org.apache.coyote.AbstractProtocol.destroy Destroying ProtocolHandler ["http-nio-8080"]
13-Feb-2019 21:28:49.846 INFORMACIÓN [Thread-6] org.apache.coyote.AbstractProtocol.destroy Destroying ProtocolHandler ["ajp-nio-8009"]
