15-Feb-2019 09:17:32.794 INFORMACIÓN [main] org.apache.catalina.startup.VersionLoggerListener.log Server version name:   Apache Tomcat/9.0.16
15-Feb-2019 09:17:32.801 INFORMACIÓN [main] org.apache.catalina.startup.VersionLoggerListener.log Server built:          Feb 4 2019 16:30:29 UTC
15-Feb-2019 09:17:32.802 INFORMACIÓN [main] org.apache.catalina.startup.VersionLoggerListener.log Número de versión de servidor:         9.0.16.0
15-Feb-2019 09:17:32.802 INFORMACIÓN [main] org.apache.catalina.startup.VersionLoggerListener.log OS Name:               Windows 10
15-Feb-2019 09:17:32.803 INFORMACIÓN [main] org.apache.catalina.startup.VersionLoggerListener.log OS Version:            10.0
15-Feb-2019 09:17:32.803 INFORMACIÓN [main] org.apache.catalina.startup.VersionLoggerListener.log Architecture:          amd64
15-Feb-2019 09:17:32.803 INFORMACIÓN [main] org.apache.catalina.startup.VersionLoggerListener.log Java Home:             C:\Program Files\Java\jdk1.8.0_111\jre
15-Feb-2019 09:17:32.803 INFORMACIÓN [main] org.apache.catalina.startup.VersionLoggerListener.log JVM Version:           1.8.0_111-b14
15-Feb-2019 09:17:32.803 INFORMACIÓN [main] org.apache.catalina.startup.VersionLoggerListener.log JVM Vendor:            Oracle Corporation
15-Feb-2019 09:17:32.804 INFORMACIÓN [main] org.apache.catalina.startup.VersionLoggerListener.log CATALINA_BASE:         C:\Program Files\Apache Software Foundation\Tomcat 9.0
15-Feb-2019 09:17:32.804 INFORMACIÓN [main] org.apache.catalina.startup.VersionLoggerListener.log CATALINA_HOME:         C:\Program Files\Apache Software Foundation\Tomcat 9.0
15-Feb-2019 09:17:32.804 INFORMACIÓN [main] org.apache.catalina.startup.VersionLoggerListener.log Command line argument: -Dcatalina.home=C:\Program Files\Apache Software Foundation\Tomcat 9.0
15-Feb-2019 09:17:32.804 INFORMACIÓN [main] org.apache.catalina.startup.VersionLoggerListener.log Command line argument: -Dcatalina.base=C:\Program Files\Apache Software Foundation\Tomcat 9.0
15-Feb-2019 09:17:32.804 INFORMACIÓN [main] org.apache.catalina.startup.VersionLoggerListener.log Command line argument: -Djava.io.tmpdir=C:\Program Files\Apache Software Foundation\Tomcat 9.0\temp
15-Feb-2019 09:17:32.805 INFORMACIÓN [main] org.apache.catalina.startup.VersionLoggerListener.log Command line argument: -Djava.util.logging.manager=org.apache.juli.ClassLoaderLogManager
15-Feb-2019 09:17:32.805 INFORMACIÓN [main] org.apache.catalina.startup.VersionLoggerListener.log Command line argument: -Djava.util.logging.config.file=C:\Program Files\Apache Software Foundation\Tomcat 9.0\conf\logging.properties
15-Feb-2019 09:17:32.805 INFORMACIÓN [main] org.apache.catalina.startup.VersionLoggerListener.log Command line argument: exit
15-Feb-2019 09:17:32.805 INFORMACIÓN [main] org.apache.catalina.startup.VersionLoggerListener.log Command line argument: abort
15-Feb-2019 09:17:32.805 INFORMACIÓN [main] org.apache.catalina.startup.VersionLoggerListener.log Command line argument: -Xms128m
15-Feb-2019 09:17:32.806 INFORMACIÓN [main] org.apache.catalina.startup.VersionLoggerListener.log Command line argument: -Xmx256m
15-Feb-2019 09:17:32.806 INFORMACIÓN [main] org.apache.catalina.core.AprLifecycleListener.lifecycleEvent Cargada la biblioteca nativa APR de Apache Tomcat [1.2.21] con la versión APR [1.6.5].
15-Feb-2019 09:17:32.806 INFORMACIÓN [main] org.apache.catalina.core.AprLifecycleListener.lifecycleEvent Capacidades APR: IPv6 [true], enviar fichero [true], aceptar filtros [false], aleatorio [true].
15-Feb-2019 09:17:32.806 INFORMACIÓN [main] org.apache.catalina.core.AprLifecycleListener.lifecycleEvent APR/OpenSSL configuration: useAprConnector [false], useOpenSSL [true]
15-Feb-2019 09:17:33.089 INFORMACIÓN [main] org.apache.catalina.core.AprLifecycleListener.initializeSSL OpenSSL inicializado correctamente [OpenSSL 1.1.1a  20 Nov 2018]
15-Feb-2019 09:17:33.478 INFORMACIÓN [main] org.apache.coyote.AbstractProtocol.init Inicializando el manejador de protocolo ["http-nio-8080"]

15-Feb-2019 09:17:33.710 GRAVE [main] org.apache.catalina.util.LifecycleBase.handleSubClassException Failed to initialize component [Connector[HTTP/1.1-8080]]
 org.apache.catalina.LifecycleException: Falló la inicialización del manejador de protocolo
	at org.apache.catalina.connector.Connector.initInternal(Connector.java:983)
	at org.apache.catalina.util.LifecycleBase.init(LifecycleBase.java:136)
	at org.apache.catalina.core.StandardService.initInternal(StandardService.java:535)
	at org.apache.catalina.util.LifecycleBase.init(LifecycleBase.java:136)
	at org.apache.catalina.core.StandardServer.initInternal(StandardServer.java:1055)
	at org.apache.catalina.util.LifecycleBase.init(LifecycleBase.java:136)
	at org.apache.catalina.startup.Catalina.load(Catalina.java:589)
	at org.apache.catalina.startup.Catalina.load(Catalina.java:612)
	at sun.reflect.NativeMethodAccessorImpl.invoke0(Native Method)
	at sun.reflect.NativeMethodAccessorImpl.invoke(NativeMethodAccessorImpl.java:62)
	at sun.reflect.DelegatingMethodAccessorImpl.invoke(DelegatingMethodAccessorImpl.java:43)
	at java.lang.reflect.Method.invoke(Method.java:498)
	at org.apache.catalina.startup.Bootstrap.load(Bootstrap.java:306)
	at org.apache.catalina.startup.Bootstrap.main(Bootstrap.java:491)
Caused by: java.net.BindException: Address already in use: bind
	at sun.nio.ch.Net.bind0(Native Method)
	at sun.nio.ch.Net.bind(Net.java:433)
	at sun.nio.ch.Net.bind(Net.java:425)
	at sun.nio.ch.ServerSocketChannelImpl.bind(ServerSocketChannelImpl.java:223)
	at sun.nio.ch.ServerSocketAdaptor.bind(ServerSocketAdaptor.java:74)
	at org.apache.tomcat.util.net.NioEndpoint.initServerSocket(NioEndpoint.java:236)
	at org.apache.tomcat.util.net.NioEndpoint.bind(NioEndpoint.java:210)
	at org.apache.tomcat.util.net.AbstractEndpoint.bindWithCleanup(AbstractEndpoint.java:1085)
	at org.apache.tomcat.util.net.AbstractEndpoint.init(AbstractEndpoint.java:1098)
	at org.apache.coyote.AbstractProtocol.init(AbstractProtocol.java:557)
	at org.apache.coyote.http11.AbstractHttp11Protocol.init(AbstractHttp11Protocol.java:74)
	at org.apache.catalina.connector.Connector.initInternal(Connector.java:980)
	... 13 more

15-Feb-2019 09:17:33.713 INFORMACIÓN [main] org.apache.coyote.AbstractProtocol.init Inicializando el manejador de protocolo ["ajp-nio-8009"]

15-Feb-2019 09:17:33.757 INFORMACIÓN [main] org.apache.catalina.startup.Catalina.load Server initialization in [2.156] milliseconds
15-Feb-2019 09:17:33.855 INFORMACIÓN [main] org.apache.catalina.core.StandardService.startInternal Arrancando servicio [Catalina]
15-Feb-2019 09:17:33.855 INFORMACIÓN [main] org.apache.catalina.core.StandardEngine.startInternal Starting Servlet engine: [Apache Tomcat/9.0.16]
15-Feb-2019 09:17:34.151 INFORMACIÓN [main] org.apache.catalina.startup.HostConfig.deployWAR Despliegue del archivo [C:\Program Files\Apache Software Foundation\Tomcat 9.0\webapps\ServletUploading.war] de la aplicación web
15-Feb-2019 09:17:35.695 INFORMACIÓN [main] org.apache.catalina.startup.HostConfig.deployWAR Deployment of web application archive [C:\Program Files\Apache Software Foundation\Tomcat 9.0\webapps\ServletUploading.war] has finished in [1.543] ms
15-Feb-2019 09:17:35.696 INFORMACIÓN [main] org.apache.catalina.startup.HostConfig.deployDirectory Desplegando el directorio [C:\Program Files\Apache Software Foundation\Tomcat 9.0\webapps\app1] de la aplicación web
15-Feb-2019 09:17:35.786 INFORMACIÓN [main] org.apache.catalina.startup.HostConfig.deployDirectory Deployment of web application directory [C:\Program Files\Apache Software Foundation\Tomcat 9.0\webapps\app1] has finished in [90] ms
15-Feb-2019 09:17:35.787 INFORMACIÓN [main] org.apache.catalina.startup.HostConfig.deployDirectory Desplegando el directorio [C:\Program Files\Apache Software Foundation\Tomcat 9.0\webapps\docs] de la aplicación web
15-Feb-2019 09:17:35.877 INFORMACIÓN [main] org.apache.catalina.startup.HostConfig.deployDirectory Deployment of web application directory [C:\Program Files\Apache Software Foundation\Tomcat 9.0\webapps\docs] has finished in [90] ms
15-Feb-2019 09:17:35.878 INFORMACIÓN [main] org.apache.catalina.startup.HostConfig.deployDirectory Desplegando el directorio [C:\Program Files\Apache Software Foundation\Tomcat 9.0\webapps\examples] de la aplicación web
15-Feb-2019 09:17:39.701 INFORMACIÓN [main] org.apache.catalina.startup.HostConfig.deployDirectory Deployment of web application directory [C:\Program Files\Apache Software Foundation\Tomcat 9.0\webapps\examples] has finished in [3.822] ms
15-Feb-2019 09:17:39.716 INFORMACIÓN [main] org.apache.catalina.startup.HostConfig.deployDirectory Desplegando el directorio [C:\Program Files\Apache Software Foundation\Tomcat 9.0\webapps\host-manager] de la aplicación web
15-Feb-2019 09:17:39.877 INFORMACIÓN [main] org.apache.catalina.startup.HostConfig.deployDirectory Deployment of web application directory [C:\Program Files\Apache Software Foundation\Tomcat 9.0\webapps\host-manager] has finished in [161] ms
15-Feb-2019 09:17:39.892 INFORMACIÓN [main] org.apache.catalina.startup.HostConfig.deployDirectory Desplegando el directorio [C:\Program Files\Apache Software Foundation\Tomcat 9.0\webapps\manager] de la aplicación web
15-Feb-2019 09:17:40.018 INFORMACIÓN [main] org.apache.catalina.startup.HostConfig.deployDirectory Deployment of web application directory [C:\Program Files\Apache Software Foundation\Tomcat 9.0\webapps\manager] has finished in [125] ms
15-Feb-2019 09:17:40.018 INFORMACIÓN [main] org.apache.catalina.startup.HostConfig.deployDirectory Desplegando el directorio [C:\Program Files\Apache Software Foundation\Tomcat 9.0\webapps\ROOT] de la aplicación web
15-Feb-2019 09:17:40.063 INFORMACIÓN [main] org.apache.catalina.startup.HostConfig.deployDirectory Deployment of web application directory [C:\Program Files\Apache Software Foundation\Tomcat 9.0\webapps\ROOT] has finished in [44] ms
15-Feb-2019 09:17:40.071 INFORMACIÓN [main] org.apache.coyote.AbstractProtocol.start Starting ProtocolHandler ["ajp-nio-8009"]
15-Feb-2019 09:17:40.096 INFORMACIÓN [main] org.apache.catalina.startup.Catalina.start Server startup in [6.337] milliseconds
15-Feb-2019 09:25:53.866 INFORMACIÓN [Thread-5] org.apache.coyote.AbstractProtocol.pause Pausing ProtocolHandler ["http-nio-8080"]
15-Feb-2019 09:25:53.867 INFORMACIÓN [Thread-5] org.apache.coyote.AbstractProtocol.pause Pausing ProtocolHandler ["ajp-nio-8009"]
15-Feb-2019 09:25:54.033 INFORMACIÓN [Thread-5] org.apache.catalina.core.StandardService.stopInternal Parando servicio [Catalina]
15-Feb-2019 09:25:54.090 INFORMACIÓN [Thread-5] org.apache.coyote.AbstractProtocol.stop Stopping ProtocolHandler ["ajp-nio-8009"]
15-Feb-2019 09:25:54.097 INFORMACIÓN [Thread-5] org.apache.coyote.AbstractProtocol.stop Stopping ProtocolHandler ["http-nio-8080"]
15-Feb-2019 09:25:54.097 INFORMACIÓN [Thread-5] org.apache.coyote.AbstractProtocol.destroy Destroying ProtocolHandler ["http-nio-8080"]
15-Feb-2019 09:25:54.098 INFORMACIÓN [Thread-5] org.apache.coyote.AbstractProtocol.destroy Destroying ProtocolHandler ["ajp-nio-8009"]
15-Feb-2019 09:27:20.669 INFORMACIÓN [main] org.apache.catalina.startup.VersionLoggerListener.log Server version name:   Apache Tomcat/9.0.16
15-Feb-2019 09:27:20.679 INFORMACIÓN [main] org.apache.catalina.startup.VersionLoggerListener.log Server built:          Feb 4 2019 16:30:29 UTC
15-Feb-2019 09:27:20.679 INFORMACIÓN [main] org.apache.catalina.startup.VersionLoggerListener.log Número de versión de servidor:         9.0.16.0
15-Feb-2019 09:27:20.679 INFORMACIÓN [main] org.apache.catalina.startup.VersionLoggerListener.log OS Name:               Windows 10
15-Feb-2019 09:27:20.679 INFORMACIÓN [main] org.apache.catalina.startup.VersionLoggerListener.log OS Version:            10.0
15-Feb-2019 09:27:20.680 INFORMACIÓN [main] org.apache.catalina.startup.VersionLoggerListener.log Architecture:          amd64
15-Feb-2019 09:27:20.680 INFORMACIÓN [main] org.apache.catalina.startup.VersionLoggerListener.log Java Home:             C:\Program Files\Java\jdk1.8.0_111\jre
15-Feb-2019 09:27:20.680 INFORMACIÓN [main] org.apache.catalina.startup.VersionLoggerListener.log JVM Version:           1.8.0_111-b14
15-Feb-2019 09:27:20.681 INFORMACIÓN [main] org.apache.catalina.startup.VersionLoggerListener.log JVM Vendor:            Oracle Corporation
15-Feb-2019 09:27:20.681 INFORMACIÓN [main] org.apache.catalina.startup.VersionLoggerListener.log CATALINA_BASE:         C:\Program Files\Apache Software Foundation\Tomcat 9.0
15-Feb-2019 09:27:20.681 INFORMACIÓN [main] org.apache.catalina.startup.VersionLoggerListener.log CATALINA_HOME:         C:\Program Files\Apache Software Foundation\Tomcat 9.0
15-Feb-2019 09:27:20.682 INFORMACIÓN [main] org.apache.catalina.startup.VersionLoggerListener.log Command line argument: -Dcatalina.home=C:\Program Files\Apache Software Foundation\Tomcat 9.0
15-Feb-2019 09:27:20.682 INFORMACIÓN [main] org.apache.catalina.startup.VersionLoggerListener.log Command line argument: -Dcatalina.base=C:\Program Files\Apache Software Foundation\Tomcat 9.0
15-Feb-2019 09:27:20.682 INFORMACIÓN [main] org.apache.catalina.startup.VersionLoggerListener.log Command line argument: -Djava.io.tmpdir=C:\Program Files\Apache Software Foundation\Tomcat 9.0\temp
15-Feb-2019 09:27:20.682 INFORMACIÓN [main] org.apache.catalina.startup.VersionLoggerListener.log Command line argument: -Djava.util.logging.manager=org.apache.juli.ClassLoaderLogManager
15-Feb-2019 09:27:20.682 INFORMACIÓN [main] org.apache.catalina.startup.VersionLoggerListener.log Command line argument: -Djava.util.logging.config.file=C:\Program Files\Apache Software Foundation\Tomcat 9.0\conf\logging.properties
15-Feb-2019 09:27:20.683 INFORMACIÓN [main] org.apache.catalina.startup.VersionLoggerListener.log Command line argument: exit
15-Feb-2019 09:27:20.683 INFORMACIÓN [main] org.apache.catalina.startup.VersionLoggerListener.log Command line argument: abort
15-Feb-2019 09:27:20.683 INFORMACIÓN [main] org.apache.catalina.startup.VersionLoggerListener.log Command line argument: -Xms128m
15-Feb-2019 09:27:20.683 INFORMACIÓN [main] org.apache.catalina.startup.VersionLoggerListener.log Command line argument: -Xmx256m
15-Feb-2019 09:27:20.684 INFORMACIÓN [main] org.apache.catalina.core.AprLifecycleListener.lifecycleEvent Cargada la biblioteca nativa APR de Apache Tomcat [1.2.21] con la versión APR [1.6.5].
15-Feb-2019 09:27:20.684 INFORMACIÓN [main] org.apache.catalina.core.AprLifecycleListener.lifecycleEvent Capacidades APR: IPv6 [true], enviar fichero [true], aceptar filtros [false], aleatorio [true].
15-Feb-2019 09:27:20.684 INFORMACIÓN [main] org.apache.catalina.core.AprLifecycleListener.lifecycleEvent APR/OpenSSL configuration: useAprConnector [false], useOpenSSL [true]
15-Feb-2019 09:27:20.690 INFORMACIÓN [main] org.apache.catalina.core.AprLifecycleListener.initializeSSL OpenSSL inicializado correctamente [OpenSSL 1.1.1a  20 Nov 2018]
15-Feb-2019 09:27:20.892 INFORMACIÓN [main] org.apache.coyote.AbstractProtocol.init Inicializando el manejador de protocolo ["http-nio-9999"]

15-Feb-2019 09:27:21.084 INFORMACIÓN [main] org.apache.coyote.AbstractProtocol.init Inicializando el manejador de protocolo ["ajp-nio-8009"]

15-Feb-2019 09:27:21.090 INFORMACIÓN [main] org.apache.catalina.startup.Catalina.load Server initialization in [1.031] milliseconds
15-Feb-2019 09:27:21.133 INFORMACIÓN [main] org.apache.catalina.core.StandardService.startInternal Arrancando servicio [Catalina]
15-Feb-2019 09:27:21.133 INFORMACIÓN [main] org.apache.catalina.core.StandardEngine.startInternal Starting Servlet engine: [Apache Tomcat/9.0.16]
15-Feb-2019 09:27:21.183 INFORMACIÓN [main] org.apache.catalina.startup.HostConfig.deployWAR Despliegue del archivo [C:\Program Files\Apache Software Foundation\Tomcat 9.0\webapps\ServletUploading.war] de la aplicación web
15-Feb-2019 09:27:21.713 INFORMACIÓN [main] org.apache.catalina.startup.HostConfig.deployWAR Deployment of web application archive [C:\Program Files\Apache Software Foundation\Tomcat 9.0\webapps\ServletUploading.war] has finished in [530] ms
15-Feb-2019 09:27:21.715 INFORMACIÓN [main] org.apache.catalina.startup.HostConfig.deployDirectory Desplegando el directorio [C:\Program Files\Apache Software Foundation\Tomcat 9.0\webapps\app1] de la aplicación web
15-Feb-2019 09:27:21.761 INFORMACIÓN [main] org.apache.catalina.startup.HostConfig.deployDirectory Deployment of web application directory [C:\Program Files\Apache Software Foundation\Tomcat 9.0\webapps\app1] has finished in [46] ms
15-Feb-2019 09:27:21.761 INFORMACIÓN [main] org.apache.catalina.startup.HostConfig.deployDirectory Desplegando el directorio [C:\Program Files\Apache Software Foundation\Tomcat 9.0\webapps\docs] de la aplicación web
15-Feb-2019 09:27:21.811 INFORMACIÓN [main] org.apache.catalina.startup.HostConfig.deployDirectory Deployment of web application directory [C:\Program Files\Apache Software Foundation\Tomcat 9.0\webapps\docs] has finished in [49] ms
15-Feb-2019 09:27:21.811 INFORMACIÓN [main] org.apache.catalina.startup.HostConfig.deployDirectory Desplegando el directorio [C:\Program Files\Apache Software Foundation\Tomcat 9.0\webapps\examples] de la aplicación web
15-Feb-2019 09:27:22.517 INFORMACIÓN [main] org.apache.catalina.startup.HostConfig.deployDirectory Deployment of web application directory [C:\Program Files\Apache Software Foundation\Tomcat 9.0\webapps\examples] has finished in [705] ms
15-Feb-2019 09:27:22.517 INFORMACIÓN [main] org.apache.catalina.startup.HostConfig.deployDirectory Desplegando el directorio [C:\Program Files\Apache Software Foundation\Tomcat 9.0\webapps\host-manager] de la aplicación web
15-Feb-2019 09:27:22.574 INFORMACIÓN [main] org.apache.catalina.startup.HostConfig.deployDirectory Deployment of web application directory [C:\Program Files\Apache Software Foundation\Tomcat 9.0\webapps\host-manager] has finished in [57] ms
15-Feb-2019 09:27:22.575 INFORMACIÓN [main] org.apache.catalina.startup.HostConfig.deployDirectory Desplegando el directorio [C:\Program Files\Apache Software Foundation\Tomcat 9.0\webapps\manager] de la aplicación web
15-Feb-2019 09:27:22.624 INFORMACIÓN [main] org.apache.catalina.startup.HostConfig.deployDirectory Deployment of web application directory [C:\Program Files\Apache Software Foundation\Tomcat 9.0\webapps\manager] has finished in [50] ms
15-Feb-2019 09:27:22.625 INFORMACIÓN [main] org.apache.catalina.startup.HostConfig.deployDirectory Desplegando el directorio [C:\Program Files\Apache Software Foundation\Tomcat 9.0\webapps\ROOT] de la aplicación web
15-Feb-2019 09:27:22.660 INFORMACIÓN [main] org.apache.catalina.startup.HostConfig.deployDirectory Deployment of web application directory [C:\Program Files\Apache Software Foundation\Tomcat 9.0\webapps\ROOT] has finished in [34] ms
15-Feb-2019 09:27:22.668 INFORMACIÓN [main] org.apache.coyote.AbstractProtocol.start Starting ProtocolHandler ["http-nio-9999"]
15-Feb-2019 09:27:22.683 INFORMACIÓN [main] org.apache.coyote.AbstractProtocol.start Starting ProtocolHandler ["ajp-nio-8009"]
15-Feb-2019 09:27:22.690 INFORMACIÓN [main] org.apache.catalina.startup.Catalina.start Server startup in [1.600] milliseconds
